{"D:\\programas-no-visual-studio-code\\NodeJs\\pipeline-ci-cd\\Calculadora.js": {"path":"D:\\programas-no-visual-studio-code\\NodeJs\\pipeline-ci-cd\\Calculadora.js","statementMap":{"0":{"start":{"line":4,"column":4},"end":{"line":4,"column":23}},"1":{"start":{"line":7,"column":0},"end":{"line":7,"column":23}}},"fnMap":{"0":{"name":"somar","decl":{"start":{"line":3,"column":9},"end":{"line":3,"column":14}},"loc":{"start":{"line":3,"column":27},"end":{"line":5,"column":1}},"line":3}},"branchMap":{},"s":{"0":2,"1":1},"f":{"0":2},"b":{},"_coverageSchema":"1a1c01bbd47fc00a2c39e90264f33305004495a9","hash":"1987afd373575d7dcd399e52ec1594ff2523e27f"}
}
